<?xml version="1.0" encoding="UTF-8"?>
<!-- Generated by org.testng.reporters.JUnitReportReporter -->
<testsuite hostname="DESKTOP-CQ5J57P" failures="0" tests="1" name="pack2.Iterat2" time="0.981" errors="0" timestamp="2020-12-22T22:46:00 EST" skipped="0">
  <testcase classname="pack2.Iterat2" name="OpenSignInPage" time="0.981"/>
  <system-out/>
</testsuite> <!-- pack2.Iterat2 -->
